<?xml version="1.0" encoding="UTF-8"?>
<!-- Generated by org.testng.reporters.JUnitReportReporter -->
<testsuite hostname="LAPTOP-VAOR0SHC" failures="0" tests="4" name="TestNG.TestngAssignment" time="37.686" errors="0" timestamp="2021-11-17T15:07:22 IST" skipped="0">
  <testcase classname="TestNG.TestngAssignment" name="validateUserName" time="5.441"/>
  <system-out/>
  <testcase classname="TestNG.TestngAssignment" name="validateLoginPanel" time="5.531"/>
  <system-out/>
  <testcase classname="TestNG.TestngAssignment" name="noRecord" time="12.373"/>
  <system-out/>
  <testcase classname="TestNG.TestngAssignment" name="displayRecord" time="14.341"/>
  <system-out/>
</testsuite> <!-- TestNG.TestngAssignment -->
