<?xml version="1.0" encoding="UTF-8"?>
<!-- Generated by org.testng.reporters.JUnitReportReporter -->
<testsuite hostname="LAPTOP-VAOR0SHC" failures="0" tests="3" name="TestNG.TestNgDemo" time="0.027" errors="0" timestamp="2021-11-16T20:59:55 IST" skipped="0">
  <testcase classname="TestNG.TestNgDemo" name="homepagevalidation" time="0.008"/>
  <system-out/>
  <testcase classname="TestNG.TestNgDemo" name="password" time="0.002"/>
  <system-out/>
  <testcase classname="TestNG.TestNgDemo" name="login" time="0.017"/>
  <system-out/>
</testsuite> <!-- TestNG.TestNgDemo -->
